Using pre-set license
Built from '2020.3/staging' branch; Version is '2020.3.4f1 (0abb6314276a) revision 703331'; Using compiler version '192528614'; Build Type 'Release'
OS: 'Windows 10 Pro; OS build 19042.1586; Version 2009; 64bit' Language: 'en' Physical Memory: 7567 MB
BatchMode: 1, IsHumanControllingUs: 0, StartBugReporterOnCrash: 0, Is64bit: 1, IsPro: 0

 COMMAND LINE ARGUMENTS:
E:\Unity\Editor\Unity.exe
-adb2
-batchMode
-noUpm
-name
AssetImportWorker27
-projectPath
F:/Fiverr/Reaper-Boy
-logFile
Logs/AssetImportWorker27.log
-srvPort
62893
Successfully changed project path to: F:/Fiverr/Reaper-Boy
F:/Fiverr/Reaper-Boy
Using Asset Import Pipeline V2.
Refreshing native plugins compatible for Editor in 205.51 ms, found 4 plugins.
Preloading 0 native plugins for Editor in 0.00 ms.
Initialize engine version: 2020.3.4f1 (0abb6314276a)
[Subsystems] Discovering subsystems at path E:/Unity/Editor/Data/Resources/UnitySubsystems
[Subsystems] Discovering subsystems at path F:/Fiverr/Reaper-Boy/Assets
GfxDevice: creating device client; threaded=0
Direct3D:
    Version:  Direct3D 11.0 [level 11.1]
    Renderer: AMD Radeon(TM) R5 Graphics (ID=0x98e4)
    Vendor:   
    VRAM:     3783 MB
    Driver:   24.20.11001.20001
Initialize mono
Mono path[0] = 'E:/Unity/Editor/Data/Managed'
Mono path[1] = 'E:/Unity/Editor/Data/MonoBleedingEdge/lib/mono/unityjit'
Mono config path = 'E:/Unity/Editor/Data/MonoBleedingEdge/etc'
Using monoOptions --debugger-agent=transport=dt_socket,embedding=1,server=y,suspend=n,address=127.0.0.1:56328
Begin MonoManager ReloadAssembly
Registering precompiled unity dll's ...
Register platform support module: E:/Unity/Editor/Data/PlaybackEngines/WindowsStandaloneSupport/UnityEditor.WindowsStandalone.Extensions.dll
Registered in 0.009541 seconds.
Native extension for WindowsStandalone target not found
Refreshing native plugins compatible for Editor in 172.69 ms, found 4 plugins.
Preloading 0 native plugins for Editor in 0.00 ms.
Mono: successfully reloaded assembly
- Completed reload, in  3.474 seconds
Platform modules already initialized, skipping
Registering precompiled user dll's ...
Registered in 0.011565 seconds.
Begin MonoManager ReloadAssembly
Native extension for WindowsStandalone target not found
Refreshing native plugins compatible for Editor in 183.60 ms, found 4 plugins.
Preloading 0 native plugins for Editor in 0.00 ms.
Mono: successfully reloaded assembly
- Completed reload, in  5.282 seconds
Platform modules already initialized, skipping
========================================================================
Worker process is ready to serve import requests
Launched and connected shader compiler UnityShaderCompiler.exe after 0.58 seconds
Refreshing native plugins compatible for Editor in 4.86 ms, found 4 plugins.
Preloading 0 native plugins for Editor in 0.00 ms.
Unloading 2499 Unused Serialized files (Serialized files now loaded: 0)
System memory in use before: 110.8 MB.
System memory in use after: 110.9 MB.

Unloading 29 unused Assets to reduce memory usage. Loaded Objects now: 2941.
Total: 6.267100 ms (FindLiveObjects: 0.862000 ms CreateObjectMapping: 0.285700 ms MarkObjects: 4.935700 ms  DeleteObjects: 0.179400 ms)

========================================================================
Received Import Request.
  path: Assets/Original Sprites/Enemies/Boss/Undead Executioner/attacking.png
  artifactKey: Guid(9fe7e3f1542efc64aa4bae2a2e800440) Importer(815301076,1909f56bfc062723c751e8b465ee728b)
Start importing Assets/Original Sprites/Enemies/Boss/Undead Executioner/attacking.png using Guid(9fe7e3f1542efc64aa4bae2a2e800440) Importer(815301076,1909f56bfc062723c751e8b465ee728b)  -> (artifact id: 'c693cf8cd46f7142c78ed3753c8782e4') in 0.821751 seconds
  Import took 0.910124 seconds .

========================================================================
Received Import Request.
  Time since last request: 3784.922971 seconds.
  path: Assets/Scenes/NewStage_1.unity
  artifactKey: Guid(900d5a37dd8979f42a63fcf223dacf1e) Importer(815301076,1909f56bfc062723c751e8b465ee728b)
Start importing Assets/Scenes/NewStage_1.unity using Guid(900d5a37dd8979f42a63fcf223dacf1e) Importer(815301076,1909f56bfc062723c751e8b465ee728b)  -> (artifact id: '1041c06223a2d763e74b2038eb9ee2bf') in 0.027713 seconds
  Import took 0.148979 seconds .

========================================================================
Received Prepare
Registering precompiled user dll's ...
Registered in 0.004628 seconds.
Begin MonoManager ReloadAssembly
Native extension for WindowsStandalone target not found
Refreshing native plugins compatible for Editor in 2.46 ms, found 4 plugins.
Preloading 0 native plugins for Editor in 0.00 ms.
Mono: successfully reloaded assembly
- Completed reload, in  3.413 seconds
Platform modules already initialized, skipping
Refreshing native plugins compatible for Editor in 3.11 ms, found 4 plugins.
Preloading 0 native plugins for Editor in 0.00 ms.
Unloading 2478 Unused Serialized files (Serialized files now loaded: 0)
System memory in use before: 112.5 MB.
System memory in use after: 112.7 MB.

Unloading 15 unused Assets to reduce memory usage. Loaded Objects now: 2952.
Total: 8.284800 ms (FindLiveObjects: 0.806100 ms CreateObjectMapping: 0.514500 ms MarkObjects: 6.904900 ms  DeleteObjects: 0.055600 ms)

========================================================================
Received Prepare
Registering precompiled user dll's ...
Registered in 0.005690 seconds.
Begin MonoManager ReloadAssembly
Native extension for WindowsStandalone target not found
Refreshing native plugins compatible for Editor in 1.63 ms, found 4 plugins.
Preloading 0 native plugins for Editor in 0.00 ms.
Mono: successfully reloaded assembly
- Completed reload, in  3.141 seconds
Platform modules already initialized, skipping
Refreshing native plugins compatible for Editor in 4.84 ms, found 4 plugins.
Preloading 0 native plugins for Editor in 0.00 ms.
Unloading 2478 Unused Serialized files (Serialized files now loaded: 0)
System memory in use before: 112.5 MB.
System memory in use after: 112.7 MB.

Unloading 15 unused Assets to reduce memory usage. Loaded Objects now: 2956.
Total: 7.203000 ms (FindLiveObjects: 0.609800 ms CreateObjectMapping: 0.537800 ms MarkObjects: 5.991000 ms  DeleteObjects: 0.061300 ms)

========================================================================
Received Prepare
Registering precompiled user dll's ...
Registered in 0.006218 seconds.
Begin MonoManager ReloadAssembly
Native extension for WindowsStandalone target not found
Refreshing native plugins compatible for Editor in 1.77 ms, found 4 plugins.
Preloading 0 native plugins for Editor in 0.00 ms.
Mono: successfully reloaded assembly
- Completed reload, in  3.816 seconds
Platform modules already initialized, skipping
Refreshing native plugins compatible for Editor in 5.30 ms, found 4 plugins.
Preloading 0 native plugins for Editor in 0.00 ms.
Unloading 2478 Unused Serialized files (Serialized files now loaded: 0)
System memory in use before: 112.5 MB.
System memory in use after: 112.8 MB.

Unloading 15 unused Assets to reduce memory usage. Loaded Objects now: 2960.
Total: 10.601800 ms (FindLiveObjects: 0.711000 ms CreateObjectMapping: 0.356000 ms MarkObjects: 9.472700 ms  DeleteObjects: 0.058500 ms)

========================================================================
Received Import Request.
  Time since last request: 405.197312 seconds.
  path: Assets/Scenes/NewStage_1.unity
  artifactKey: Guid(900d5a37dd8979f42a63fcf223dacf1e) Importer(815301076,1909f56bfc062723c751e8b465ee728b)
Start importing Assets/Scenes/NewStage_1.unity using Guid(900d5a37dd8979f42a63fcf223dacf1e) Importer(815301076,1909f56bfc062723c751e8b465ee728b)  -> (artifact id: 'a926081d51677f9c83bab228b8b1bee6') in 0.058873 seconds
  Import took 0.235714 seconds .

========================================================================
Received Prepare
Registering precompiled user dll's ...
Registered in 0.005901 seconds.
Begin MonoManager ReloadAssembly
Native extension for WindowsStandalone target not found
Refreshing native plugins compatible for Editor in 1.93 ms, found 4 plugins.
Preloading 0 native plugins for Editor in 0.00 ms.
Mono: successfully reloaded assembly
- Completed reload, in  4.094 seconds
Platform modules already initialized, skipping
Refreshing native plugins compatible for Editor in 1.57 ms, found 4 plugins.
Preloading 0 native plugins for Editor in 0.00 ms.
Unloading 2478 Unused Serialized files (Serialized files now loaded: 0)
System memory in use before: 112.6 MB.
System memory in use after: 112.8 MB.

Unloading 15 unused Assets to reduce memory usage. Loaded Objects now: 2964.
Total: 8.656300 ms (FindLiveObjects: 0.639100 ms CreateObjectMapping: 1.149400 ms MarkObjects: 6.803900 ms  DeleteObjects: 0.060600 ms)

========================================================================
Received Import Request.
  Time since last request: 17191.283592 seconds.
  path: Assets/Scenes/NewStage_1.unity
  artifactKey: Guid(900d5a37dd8979f42a63fcf223dacf1e) Importer(815301076,1909f56bfc062723c751e8b465ee728b)
Start importing Assets/Scenes/NewStage_1.unity using Guid(900d5a37dd8979f42a63fcf223dacf1e) Importer(815301076,1909f56bfc062723c751e8b465ee728b)  -> (artifact id: '0b5a01417ae5bda839216567a22db4df') in 0.682102 seconds
  Import took 1.061768 seconds .

========================================================================
Received Import Request.
  Time since last request: 0.028083 seconds.
  path: Assets/Scenes/NewStage_1.unity
  artifactKey: Guid(900d5a37dd8979f42a63fcf223dacf1e) Importer(815301076,1909f56bfc062723c751e8b465ee728b)
Start importing Assets/Scenes/NewStage_1.unity using Guid(900d5a37dd8979f42a63fcf223dacf1e) Importer(815301076,1909f56bfc062723c751e8b465ee728b)  -> (artifact id: '0b5a01417ae5bda839216567a22db4df') in 0.013635 seconds
  Import took 0.043662 seconds .

========================================================================
Received Import Request.
  Time since last request: 2925.966890 seconds.
  path: Assets/Original Sprites/Player/Dash/grim-01_dash1.png
  artifactKey: Guid(db4eea4ad40f3f344bf6d6e95563d442) Importer(815301076,1909f56bfc062723c751e8b465ee728b)
Start importing Assets/Original Sprites/Player/Dash/grim-01_dash1.png using Guid(db4eea4ad40f3f344bf6d6e95563d442) Importer(815301076,1909f56bfc062723c751e8b465ee728b)  -> (artifact id: '74e3e5c20e7433de4728b9d8c2eb825c') in 1.384384 seconds
  Import took 1.612856 seconds .

========================================================================
Received Import Request.
  Time since last request: 5.164104 seconds.
  path: Assets/Original Sprites/Player/idle/grim-idle.png
  artifactKey: Guid(798e63bffa787c34b96e1bf665e3a4e0) Importer(815301076,1909f56bfc062723c751e8b465ee728b)
Start importing Assets/Original Sprites/Player/idle/grim-idle.png using Guid(798e63bffa787c34b96e1bf665e3a4e0) Importer(815301076,1909f56bfc062723c751e8b465ee728b)  -> (artifact id: '84159ae34ff32d89c82c259fdf3c983f') in 0.155709 seconds
  Import took 0.281368 seconds .

========================================================================
Received Import Request.
  Time since last request: 31.829573 seconds.
  path: Assets/Original Sprites/Player/idle/Player_grimSkull1.png
  artifactKey: Guid(900c6a4db5cba1c42859fe5ae2d04f2a) Importer(815301076,1909f56bfc062723c751e8b465ee728b)
Start importing Assets/Original Sprites/Player/idle/Player_grimSkull1.png using Guid(900c6a4db5cba1c42859fe5ae2d04f2a) Importer(815301076,1909f56bfc062723c751e8b465ee728b)  -> (artifact id: 'c773bad5c98d50e4f33b212ef0896e28') in 0.106658 seconds
  Import took 0.123490 seconds .

========================================================================
Received Import Request.
  Time since last request: 3397.334436 seconds.
  path: Assets/Scenes/NewStage_1.unity
  artifactKey: Guid(900d5a37dd8979f42a63fcf223dacf1e) Importer(815301076,1909f56bfc062723c751e8b465ee728b)
Start importing Assets/Scenes/NewStage_1.unity using Guid(900d5a37dd8979f42a63fcf223dacf1e) Importer(815301076,1909f56bfc062723c751e8b465ee728b)  -> (artifact id: '7035d91a196727d5b2a46dc2afee6f7b') in 0.635393 seconds
  Import took 0.850379 seconds .

