Using pre-set license
Built from '2020.3/staging' branch; Version is '2020.3.4f1 (0abb6314276a) revision 703331'; Using compiler version '192528614'; Build Type 'Release'
OS: 'Windows 10 Pro; OS build 19042.1586; Version 2009; 64bit' Language: 'en' Physical Memory: 7567 MB
BatchMode: 1, IsHumanControllingUs: 0, StartBugReporterOnCrash: 0, Is64bit: 1, IsPro: 0

 COMMAND LINE ARGUMENTS:
E:\Unity\Editor\Unity.exe
-adb2
-batchMode
-noUpm
-name
AssetImportWorker0
-projectPath
F:/Fiverr/Reaper-Boy
-logFile
Logs/AssetImportWorker0.log
-srvPort
61722
Successfully changed project path to: F:/Fiverr/Reaper-Boy
F:/Fiverr/Reaper-Boy
Using Asset Import Pipeline V2.
Refreshing native plugins compatible for Editor in 409.33 ms, found 4 plugins.
Preloading 0 native plugins for Editor in 0.00 ms.
Initialize engine version: 2020.3.4f1 (0abb6314276a)
[Subsystems] Discovering subsystems at path E:/Unity/Editor/Data/Resources/UnitySubsystems
[Subsystems] Discovering subsystems at path F:/Fiverr/Reaper-Boy/Assets
GfxDevice: creating device client; threaded=0
Direct3D:
    Version:  Direct3D 11.0 [level 11.1]
    Renderer: AMD Radeon(TM) R5 Graphics (ID=0x98e4)
    Vendor:   
    VRAM:     3783 MB
    Driver:   24.20.11001.20001
Initialize mono
Mono path[0] = 'E:/Unity/Editor/Data/Managed'
Mono path[1] = 'E:/Unity/Editor/Data/MonoBleedingEdge/lib/mono/unityjit'
Mono config path = 'E:/Unity/Editor/Data/MonoBleedingEdge/etc'
Using monoOptions --debugger-agent=transport=dt_socket,embedding=1,server=y,suspend=n,address=127.0.0.1:56224
Begin MonoManager ReloadAssembly
Registering precompiled unity dll's ...
Register platform support module: E:/Unity/Editor/Data/PlaybackEngines/WindowsStandaloneSupport/UnityEditor.WindowsStandalone.Extensions.dll
Registered in 0.015955 seconds.
Native extension for WindowsStandalone target not found
Refreshing native plugins compatible for Editor in 313.60 ms, found 4 plugins.
Preloading 0 native plugins for Editor in 0.00 ms.
Mono: successfully reloaded assembly
- Completed reload, in  5.548 seconds
Platform modules already initialized, skipping
Registering precompiled user dll's ...
Registered in 0.006447 seconds.
Begin MonoManager ReloadAssembly
Native extension for WindowsStandalone target not found
Refreshing native plugins compatible for Editor in 183.78 ms, found 4 plugins.
Preloading 0 native plugins for Editor in 0.00 ms.
Mono: successfully reloaded assembly
- Completed reload, in  4.771 seconds
Platform modules already initialized, skipping
========================================================================
Worker process is ready to serve import requests
Launched and connected shader compiler UnityShaderCompiler.exe after 0.50 seconds
Refreshing native plugins compatible for Editor in 2.04 ms, found 4 plugins.
Preloading 0 native plugins for Editor in 0.00 ms.
Unloading 2499 Unused Serialized files (Serialized files now loaded: 0)
System memory in use before: 110.8 MB.
System memory in use after: 111.0 MB.

Unloading 29 unused Assets to reduce memory usage. Loaded Objects now: 2941.
Total: 6.214000 ms (FindLiveObjects: 0.668500 ms CreateObjectMapping: 0.433000 ms MarkObjects: 4.942400 ms  DeleteObjects: 0.165900 ms)

========================================================================
Received Import Request.
  path: Assets/Scenes/NewStage_1.unity
  artifactKey: Guid(900d5a37dd8979f42a63fcf223dacf1e) Importer(815301076,1909f56bfc062723c751e8b465ee728b)
Start importing Assets/Scenes/NewStage_1.unity using Guid(900d5a37dd8979f42a63fcf223dacf1e) Importer(815301076,1909f56bfc062723c751e8b465ee728b)  -> (artifact id: '270657eaab5dbb9242d654f693b36ddc') in 0.063722 seconds
  Import took 0.101850 seconds .

========================================================================
Received Import Request.
  Time since last request: 18.126886 seconds.
  path: Assets/Scenes/NewStage_2.unity
  artifactKey: Guid(49ee0db44e5066244b743423ce75c0fd) Importer(815301076,1909f56bfc062723c751e8b465ee728b)
Start importing Assets/Scenes/NewStage_2.unity using Guid(49ee0db44e5066244b743423ce75c0fd) Importer(815301076,1909f56bfc062723c751e8b465ee728b)  -> (artifact id: 'a1d485806681636ba0eea66a829c0626') in 0.031755 seconds
  Import took 0.066920 seconds .

========================================================================
Received Import Request.
  Time since last request: 9.975563 seconds.
  path: Assets/Scenes/NewStage_1.unity
  artifactKey: Guid(900d5a37dd8979f42a63fcf223dacf1e) Importer(815301076,1909f56bfc062723c751e8b465ee728b)
Start importing Assets/Scenes/NewStage_1.unity using Guid(900d5a37dd8979f42a63fcf223dacf1e) Importer(815301076,1909f56bfc062723c751e8b465ee728b)  -> (artifact id: 'ab93468581640a4517d4cf418333d0d0') in 0.015439 seconds
  Import took 0.060598 seconds .

========================================================================
Received Import Request.
  Time since last request: 6377.148776 seconds.
  path: Assets/Scenes/NewStage_2.unity
  artifactKey: Guid(49ee0db44e5066244b743423ce75c0fd) Importer(815301076,1909f56bfc062723c751e8b465ee728b)
Start importing Assets/Scenes/NewStage_2.unity using Guid(49ee0db44e5066244b743423ce75c0fd) Importer(815301076,1909f56bfc062723c751e8b465ee728b)  -> (artifact id: 'edb2d318c58688d2496e1932324e8069') in 0.039561 seconds
  Import took 0.230048 seconds .

========================================================================
Received Import Request.
  Time since last request: 22945.285775 seconds.
  path: Assets/Scenes/NewStage_1.unity
  artifactKey: Guid(900d5a37dd8979f42a63fcf223dacf1e) Importer(815301076,1909f56bfc062723c751e8b465ee728b)
Start importing Assets/Scenes/NewStage_1.unity using Guid(900d5a37dd8979f42a63fcf223dacf1e) Importer(815301076,1909f56bfc062723c751e8b465ee728b)  -> (artifact id: '61e0b8118e0b6adbb1de2bdfd501145b') in 0.026330 seconds
  Import took 0.178492 seconds .

========================================================================
Received Import Request.
  Time since last request: 6.041185 seconds.
  path: Assets/Scenes/NewStage_2.unity
  artifactKey: Guid(49ee0db44e5066244b743423ce75c0fd) Importer(815301076,1909f56bfc062723c751e8b465ee728b)
Start importing Assets/Scenes/NewStage_2.unity using Guid(49ee0db44e5066244b743423ce75c0fd) Importer(815301076,1909f56bfc062723c751e8b465ee728b)  -> (artifact id: '5eee581351dad0c50d41c3fa8d1e93e5') in 0.029615 seconds
  Import took 0.088746 seconds .

AssetImportWorkerClient::OnTransportError - code=2 error=End of file
